<?xml version="1.0" encoding="UTF-8" ?>
<testsuite tests="14" failures="0" name="com.example.ShoppingServiceTest" time="0.01" errors="0" skipped="0">
  <properties>
    <property name="java.runtime.name" value="Java(TM) SE Runtime Environment"/>
    <property name="sun.boot.library.path" value="C:\Java\jdk1.8.0_51\jre\bin"/>
    <property name="java.vm.version" value="25.51-b03"/>
    <property name="java.vm.vendor" value="Oracle Corporation"/>
    <property name="maven.multiModuleProjectDirectory" value="c:\maven-calcutta-workspace\apmn"/>
    <property name="java.vendor.url" value="http://java.oracle.com/"/>
    <property name="path.separator" value=";"/>
    <property name="guice.disable.misplaced.annotation.check" value="true"/>
    <property name="java.vm.name" value="Java HotSpot(TM) 64-Bit Server VM"/>
    <property name="file.encoding.pkg" value="sun.io"/>
    <property name="user.script" value=""/>
    <property name="user.country" value="US"/>
    <property name="sun.java.launcher" value="SUN_STANDARD"/>
    <property name="sun.os.patch.level" value="Service Pack 1"/>
    <property name="java.vm.specification.name" value="Java Virtual Machine Specification"/>
    <property name="user.dir" value="c:\maven-calcutta-workspace\apmn"/>
    <property name="java.runtime.version" value="1.8.0_51-b16"/>
    <property name="java.awt.graphicsenv" value="sun.awt.Win32GraphicsEnvironment"/>
    <property name="java.endorsed.dirs" value="C:\Java\jdk1.8.0_51\jre\lib\endorsed"/>
    <property name="os.arch" value="amd64"/>
    <property name="java.io.tmpdir" value="C:\Users\IBM_AD~1\AppData\Local\Temp\"/>
    <property name="line.separator" value="
"/>
    <property name="java.vm.specification.vendor" value="Oracle Corporation"/>
    <property name="user.variant" value=""/>
    <property name="os.name" value="Windows 7"/>
    <property name="net.sourceforge.cobertura.datafile" value="c:\maven-calcutta-workspace\apmn\target\cobertura\cobertura.ser"/>
    <property name="classworlds.conf" value="C:\Maven\apache-maven-3.5.2\bin\..\bin\m2.conf"/>
    <property name="sun.jnu.encoding" value="Cp1252"/>
    <property name="java.library.path" value="C:\Java\jdk1.8.0_51\bin;C:\windows\Sun\Java\bin;C:\windows\system32;C:\windows;C:\Python36\Scripts\;C:\Python36\;C:\Python27\;C:\ProgramData\Oracle\Java\javapath;C:\Program Files\IBM\Infoprint Select;E:\BackupCDrive\software\R-3.2.1\Rtools\bin;E:\BackupCDrive\software\R-3.2.1\Rtools\gcc-4.6.3\bin;C:\Program Files\Common Files\Microsoft Shared\Windows Live;C:\Program Files (x86)\Common Files\Microsoft Shared\Windows Live;C:\windows\system32;C:\windows;C:\windows\System32\Wbem;C:\windows\System32\WindowsPowerShell\v1.0\;C:\Program Files\ThinkPad\Bluetooth Software\;C:\Program Files\ThinkPad\Bluetooth Software\syswow64;C:\Program Files\Intel\WiFi\bin\;C:\Program Files\Common Files\Intel\WirelessCommon\;C:\Program Files (x86)\IBM\Personal Communications\;C:\Program Files (x86)\IBM\Trace Facility\;C:\Program Files (x86)\IBM\Mobility Client\;C:\Program Files (x86)\Common Files\Roxio Shared\DLLShared\;C:\Program Files (x86)\Common Files\Roxio Shared\DLLShared\;C:\Program Files (x86)\Common Files\Roxio Shared\13.0\DLLShared\;C:\Program Files (x86)\Git\cmd;C:\Program Files (x86)\CloudFoundry;C:\Program Files (x86)\Windows Live\Shared;E:\BackupCDrive\software\Anaconda3;E:\BackupCDrive\software\Anaconda3\Scripts;C:\Program Files (x86)\IBM\RationalSDLC\clearcase\RemoteClient\cteapis;C:\software\Ant\apache-ant-1.9.7\bin;C:\Program Files\doxygen\bin;C:\Program Files\SlikSvn\bin;C:\MailLink;C:\ExchExt;C:\Program Files\Intel\WiFi\bin\;C:\Program Files\Common Files\Intel\WirelessCommon\;C:\Java\jdk1.8.0_51\bin;C:\Program Files (x86)\Java\jre7Win64\bin;;C:\Maven\apache-maven-3.5.2\bin;C:\software;."/>
    <property name="maven.conf" value="C:\Maven\apache-maven-3.5.2\bin\../conf"/>
    <property name="java.specification.name" value="Java Platform API Specification"/>
    <property name="java.class.version" value="52.0"/>
    <property name="sun.management.compiler" value="HotSpot 64-Bit Tiered Compilers"/>
    <property name="os.version" value="6.1"/>
    <property name="library.jansi.path" value="C:\Maven\apache-maven-3.5.2\bin\..\lib\jansi-native"/>
    <property name="user.home" value="C:\Users\IBM_ADMIN"/>
    <property name="user.timezone" value="Asia/Calcutta"/>
    <property name="java.awt.printerjob" value="sun.awt.windows.WPrinterJob"/>
    <property name="java.specification.version" value="1.8"/>
    <property name="file.encoding" value="Cp1252"/>
    <property name="user.name" value="ibm"/>
    <property name="java.class.path" value="C:\Maven\apache-maven-3.5.2\bin\..\boot\plexus-classworlds-2.5.2.jar"/>
    <property name="java.vm.specification.version" value="1.8"/>
    <property name="sun.arch.data.model" value="64"/>
    <property name="java.home" value="C:\Java\jdk1.8.0_51\jre"/>
    <property name="sun.java.command" value="org.codehaus.plexus.classworlds.launcher.Launcher site"/>
    <property name="java.specification.vendor" value="Oracle Corporation"/>
    <property name="user.language" value="en"/>
    <property name="awt.toolkit" value="sun.awt.windows.WToolkit"/>
    <property name="java.vm.info" value="mixed mode"/>
    <property name="java.version" value="1.8.0_51"/>
    <property name="java.ext.dirs" value="C:\Java\jdk1.8.0_51\jre\lib\ext;C:\windows\Sun\Java\lib\ext"/>
    <property name="sun.boot.class.path" value="C:\Java\jdk1.8.0_51\jre\lib\resources.jar;C:\Java\jdk1.8.0_51\jre\lib\rt.jar;C:\Java\jdk1.8.0_51\jre\lib\sunrsasign.jar;C:\Java\jdk1.8.0_51\jre\lib\jsse.jar;C:\Java\jdk1.8.0_51\jre\lib\jce.jar;C:\Java\jdk1.8.0_51\jre\lib\charsets.jar;C:\Java\jdk1.8.0_51\jre\lib\jfr.jar;C:\Java\jdk1.8.0_51\jre\classes"/>
    <property name="sun.stderr.encoding" value="cp437"/>
    <property name="java.vendor" value="Oracle Corporation"/>
    <property name="maven.home" value="C:\Maven\apache-maven-3.5.2\bin\.."/>
    <property name="file.separator" value="\"/>
    <property name="java.vendor.url.bug" value="http://bugreport.sun.com/bugreport/"/>
    <property name="sun.cpu.endian" value="little"/>
    <property name="sun.io.unicode.encoding" value="UnicodeLittle"/>
    <property name="project.build.outputDirectory" value="c:\maven-calcutta-workspace\apmn\target\generated-classes\cobertura"/>
    <property name="sun.stdout.encoding" value="cp437"/>
    <property name="sun.desktop" value="windows"/>
    <property name="sun.cpu.isalist" value="amd64"/>
  </properties>
  <testcase classname="com.example.ShoppingServiceTest" name="addingLaptopInCartShouldAddLaptopOnly" time="0.006"/>
  <testcase classname="com.example.ShoppingServiceTest" name="removingItemCompletelyFromCartShouldRemoveItFromCart" time="0"/>
  <testcase classname="com.example.ShoppingServiceTest" name="addingMultipleItemsShouldIncreaseCartSize" time="0"/>
  <testcase classname="com.example.ShoppingServiceTest" name="cartDetailsAreNilIfEmptyCart" time="0.001"/>
  <testcase classname="com.example.ShoppingServiceTest" name="cartPriceShouldBeAccurate" time="0"/>
  <testcase classname="com.example.ShoppingServiceTest" name="addingDuplicateItemShouldIncreaseSameItemSize" time="0"/>
  <testcase classname="com.example.ShoppingServiceTest" name="removingNonExistantItemFromCartShouldYieldException" time="0"/>
  <testcase classname="com.example.ShoppingServiceTest" name="addingItemInCartShouldMakeCartSizeToBeOne" time="0"/>
  <testcase classname="com.example.ShoppingServiceTest" name="removingItemFromCartShouldReduceSizeByOne" time="0"/>
  <testcase classname="com.example.ShoppingServiceTest" name="emptyCartPriceShouldBeNil" time="0"/>
  <testcase classname="com.example.ShoppingServiceTest" name="emptyingCartShouldZeroizeCart" time="0.001"/>
  <testcase classname="com.example.ShoppingServiceTest" name="placeOrderShouldSaveOrderInDBWithOrderNumber" time="0"/>
  <testcase classname="com.example.ShoppingServiceTest" name="emptyCartShouldHaveZeroItems" time="0"/>
  <testcase classname="com.example.ShoppingServiceTest" name="placeOrderShouldTakeLessThenFiveSecondsOnlyForSLA" time="0.002"/>
</testsuite>